<?xml version="1.0" encoding="UTF-8"?>
<!-- Generated by org.testng.reporters.JUnitXMLReporter -->
<testsuite ignored="0" hostname="DESKTOP-UM43R1S" failures="0" tests="4" name="Test" time="13.629" errors="0" timestamp="2023-04-06T07:46:15 IST">
  <testcase classname="test_Class.post_tc1" name="orchestrator" time="8.746"/>
  <testcase classname="test_Class.get_tc" name="orchestrator" time="2.048"/>
  <testcase classname="test_Class.patch_tc" name="orchestrator" time="1.215"/>
  <testcase classname="test_Class.put_tc" name="orchestrator" time="1.29"/>
</testsuite> <!-- Test -->
