<?xml version="1.0" encoding="UTF-8"?>
<testng-results ignored="0" total="4" passed="4" failed="0" skipped="0">
  <reporter-output>
  </reporter-output>
  <suite started-at="2023-04-06T07:46:01 IST" name="Suite" finished-at="2023-04-06T07:46:15 IST" duration-ms="13629">
    <groups>
    </groups>
    <test started-at="2023-04-06T07:46:01 IST" name="Test" finished-at="2023-04-06T07:46:15 IST" duration-ms="13629">
      <class name="test_Class.post_tc1">
        <test-method signature="orchestrator()[pri:0, instance:test_Class.post_tc1@44c73c26]" started-at="2023-04-06T07:46:01 IST" name="orchestrator" finished-at="2023-04-06T07:46:10 IST" duration-ms="8746" status="PASS">
          <reporter-output>
          </reporter-output>
        </test-method> <!-- orchestrator -->
      </class> <!-- test_Class.post_tc1 -->
      <class name="test_Class.get_tc">
        <test-method signature="orchestrator()[pri:0, instance:test_Class.get_tc@7ceb3185]" started-at="2023-04-06T07:46:10 IST" name="orchestrator" finished-at="2023-04-06T07:46:12 IST" duration-ms="2048" status="PASS">
          <reporter-output>
          </reporter-output>
        </test-method> <!-- orchestrator -->
      </class> <!-- test_Class.get_tc -->
      <class name="test_Class.put_tc">
        <test-method signature="orchestrator()[pri:0, instance:test_Class.put_tc@3561c410]" started-at="2023-04-06T07:46:14 IST" name="orchestrator" finished-at="2023-04-06T07:46:15 IST" duration-ms="1290" status="PASS">
          <reporter-output>
          </reporter-output>
        </test-method> <!-- orchestrator -->
      </class> <!-- test_Class.put_tc -->
      <class name="test_Class.patch_tc">
        <test-method signature="orchestrator()[pri:0, instance:test_Class.patch_tc@436c81a3]" started-at="2023-04-06T07:46:12 IST" name="orchestrator" finished-at="2023-04-06T07:46:14 IST" duration-ms="1215" status="PASS">
          <reporter-output>
          </reporter-output>
        </test-method> <!-- orchestrator -->
      </class> <!-- test_Class.patch_tc -->
    </test> <!-- Test -->
  </suite> <!-- Suite -->
</testng-results>
